<?xml version="1.0" encoding="UTF-8"?>
<!-- Generated by org.testng.reporters.JUnitReportReporter -->
<testsuite skipped="0" hostname="DESKTOP-4FDC4G8" name="simpleannoction.Groups" tests="3" failures="0" timestamp="2022-04-11T17:39:06 IST" time="0.015" errors="0">
  <testcase name="football" time="0.000" classname="simpleannoction.Groups"/>
  <system-out/>
  <testcase name="cricket" time="0.005" classname="simpleannoction.Groups"/>
  <system-out/>
  <testcase name="basketball" time="0.010" classname="simpleannoction.Groups"/>
  <system-out/>
</testsuite> <!-- simpleannoction.Groups -->
