<?xml version="1.0" encoding="UTF-8"?>
<!-- Generated by org.testng.reporters.JUnitReportReporter -->
<testsuite skipped="0" hostname="DESKTOP-4FDC4G8" name="simpleannoction.Dependsonmethods" tests="3" failures="0" timestamp="2022-04-11T17:13:47 IST" time="0.015" errors="0">
  <testcase name="mobileoffer" time="0.010" classname="simpleannoction.Dependsonmethods"/>
  <system-out/>
  <testcase name="laptopoffer" time="0.000" classname="simpleannoction.Dependsonmethods"/>
  <system-out/>
  <testcase name="aadioffer" time="0.005" classname="simpleannoction.Dependsonmethods"/>
  <system-out/>
</testsuite> <!-- simpleannoction.Dependsonmethods -->
